#
# A fatal error has been detected by the Java Runtime Environment:
#
#  SIGSEGV (0xb) at pc=0x00007f23cbf113ea, pid=1303, tid=1304
#
# JRE version:  (21.0.6+7) (build )
# Java VM: OpenJDK 64-Bit Server VM (21.0.6+7-LTS, mixed mode, sharing, tiered, compressed oops, compressed class ptrs, parallel gc, linux-amd64)
# Problematic frame:
# V  [libjvm.so+0x7923ea]  SharedClassPathEntry::validate(bool) const+0x1ca
#
# Core dump will be written. Default location: Core dumps may be processed with "/wsl-capture-crash %t %E %p %s" (or dumping to /mnt/d/桌面/大三下/software_engineer/Teedy/core.1303)
#
#

---------------  S U M M A R Y ------------

Command Line: --add-modules=ALL-SYSTEM --add-opens=java.base/java.util=ALL-UNNAMED --add-opens=java.base/java.lang=ALL-UNNAMED --add-opens=java.base/sun.nio.fs=ALL-UNNAMED -Declipse.application=org.eclipse.jdt.ls.core.id1 -Dosgi.bundles.defaultStartLevel=4 -Declipse.product=org.eclipse.jdt.ls.core.product -Djava.import.generatesMetadataFilesAtProjectRoot=false -DDetectVMInstallationsJob.disabled=true -Dfile.encoding=utf8 -XX:+UseParallelGC -XX:GCTimeRatio=4 -XX:AdaptiveSizePolicyWeight=90 -Dsun.zip.disableMemoryMapping=true -Xmx1G -Xms100m -Xlog:disable -javaagent:/root/.vscode-server/extensions/redhat.java-1.40.0-linux-x64/lombok/lombok-1.18.36.jar -XX:+HeapDumpOnOutOfMemoryError -XX:HeapDumpPath=/root/.vscode-server/data/User/workspaceStorage/b5a0f326d1cfb7d4a69f6ca2c09b6e59/redhat.java -Daether.dependencyCollector.impl=bf /root/.vscode-server/extensions/redhat.java-1.40.0-linux-x64/server/plugins/org.eclipse.equinox.launcher_1.6.1000.v20250131-0606.jar -configuration /root/.vscode-server/data/User/globalStorage/redhat.java/1.40.0/config_linux -data /root/.vscode-server/data/User/workspaceStorage/b5a0f326d1cfb7d4a69f6ca2c09b6e59/redhat.java/jdt_ws --pipe=/run/user/0/lsp-3f9bd4034e514047b494019927148e89.sock

Host: 12th Gen Intel(R) Core(TM) i7-12700H, 20 cores, 7G, Ubuntu 20.04.6 LTS
Time: Wed Mar 19 14:18:59 2025 CST elapsed time: 0.047665 seconds (0d 0h 0m 0s)

---------------  T H R E A D  ---------------

Current thread (0x00007f23c402af00):  JavaThread "Unknown thread" [_thread_in_vm, id=1304, stack(0x00007f23cb525000,0x00007f23cb626000) (1028K)]

Stack: [0x00007f23cb525000,0x00007f23cb626000],  sp=0x00007f23cb6246a0,  free space=1021k
Native frames: (J=compiled Java code, j=interpreted, Vv=VM code, C=native code)
V  [libjvm.so+0x7923ea]  SharedClassPathEntry::validate(bool) const+0x1ca
V  [libjvm.so+0x79784a]  FileMapInfo::validate_shared_path_table()+0x10a
V  [libjvm.so+0xc7a1c3]  MetaspaceShared::map_archive(FileMapInfo*, char*, ReservedSpace)+0xb3
V  [libjvm.so+0xc7ac6e]  MetaspaceShared::map_archives(FileMapInfo*, FileMapInfo*, bool)+0x14e
V  [libjvm.so+0xc7b2cf]  MetaspaceShared::initialize_runtime_shared_and_meta_spaces()+0x2ef
V  [libjvm.so+0xc73a25]  Metaspace::global_initialize()+0x295
V  [libjvm.so+0xfa6bcc]  universe_init()+0x12c
V  [libjvm.so+0x8daf67]  init_globals()+0x37
V  [libjvm.so+0xf85bc5]  Threads::create_vm(JavaVMInitArgs*, bool*)+0x2b5
V  [libjvm.so+0x9b3d1f]  JNI_CreateJavaVM+0x4f
C  [libjli.so+0x970b]  JavaMain+0x8b
C  [libjli.so+0xd259]  ThreadJavaMain+0x9

siginfo: si_signo: 11 (SIGSEGV), si_code: 1 (SEGV_MAPERR), si_addr: 0x0000000000000000

Registers:
RAX=0x00007f23ccc9ba18, RBX=0x00007f236f3acf80, RCX=0x0000000000000001, RDX=0x00007f236fa885d8
RSP=0x00007f23cb6246a0, RBP=0x00007f23cb624750, RSI=0x0000000000000001, RDI=0x0000000000000000
R8 =0x0000000000000003, R9 =0x0000000000bb7000, R10=0x0000000000000002, R11=0x0000000000000246
R12=0x00007f23c403eab0, R13=0x0000000000000001, R14=0x0000000000000000, R15=0x0000000000000001
RIP=0x00007f23cbf113ea, EFLAGS=0x0000000000010246, CSGSFS=0x002b000000000033, ERR=0x0000000000000004
  TRAPNO=0x000000000000000e

XMM[0]=0x0000000001000000 0x0000000000000000
XMM[1]=0xffffffff422d3400 0x0000000000001000
XMM[2]=0x74697720226e696d 0x646122207962205a
XMM[3]=0xffffffff422d3400 0x0000000000001000
XMM[4]=0x0000000000001000 0x0000000000000000
XMM[5]=0xffffffff422d3400 0x0000000000001000
XMM[6]=0x0000000040000000 0x00007f2370000000
XMM[7]=0x0000000001000000 0x0000000000000000
XMM[8]=0x5b353532255d092f 0x205b2a255d392d30
XMM[9]=0x0000000000000000 0x0000000000000000
XMM[10]=0x0000200000000000 0x0000002000000020
XMM[11]=0x0000000000000000 0x00007f23cc939600
XMM[12]=0x0000000000000000 0x0000000000000000
XMM[13]=0x0000000000000000 0x0000000000000000
XMM[14]=0x0000000000000000 0x0000000000000000
XMM[15]=0xcafebabecafebabe 0xcafebabecafebabe
  MXCSR=0x00001fa0


Top of Stack: (sp=0x00007f23cb6246a0)
0x00007f23cb6246a0:   00007f236f000000 0000000800bb6000
0x00007f23cb6246b0:   00007f236f47e000 0000000800000000
0x00007f23cb6246c0:   00007f23c403eab0 00007f23ccc73f28
0x00007f23cb6246d0:   00007f23c403eab0 0000000000000000
0x00007f23cb6246e0:   0000000000000001 00007f236f47e000
0x00007f23cb6246f0:   00007f23cb624760 00007f23cbf13199
0x00007f23cb624700:   00007f1b6f000000 de38b18bc891d200
0x00007f23cb624710:   00007f23ccc73f28 00007f236f000000
0x00007f23cb624720:   0000000000000070 0000000101000000
0x00007f23cb624730:   00007f23cb624830 00007f23cc89da5d
0x00007f23cb624740:   00007f23c403eab0 0000000000000001
0x00007f23cb624750:   00007f23cb6247a0 00007f23cbf1684a
0x00007f23cb624760:   00007f23cb6247d0 00000000cc3f91b0
0x00007f23cb624770:   00007f236f000000 00007f23c403eab0
0x00007f23cb624780:   0000000000000000 00007f23ccc73f20
0x00007f23cb624790:   00007f23cb624830 00007f23cb624870
0x00007f23cb6247a0:   00007f23cb6247d0 00007f23cc3f91c3
0x00007f23cb6247b0:   0000000000000000 0000000000000000
0x00007f23cb6247c0:   00007f23c403eab0 0000000000000000
0x00007f23cb6247d0:   00007f23cb624920 00007f23cc3f9c6e
0x00007f23cb6247e0:   00007f236f000000 0000000001000000
0x00007f23cb6247f0:   0000000000000000 0000000000001000
0x00007f23cb624800:   0000000000001000 ffffffff422d3400
0x00007f23cb624810:   0000000000000000 00007f23cc3f9bb7
0x00007f23cb624820:   00007f236f000000 00007f23cb6248b0
0x00007f23cb624830:   00007f236f000000 0000000041000000
0x00007f23cb624840:   0000000000000000 0000000001000000
0x00007f23cb624850:   0000000000001000 ffffffff422d3400
0x00007f23cb624860:   0000000000000000 0000000000000000
0x00007f23cb624870:   00007f236f000000 0000000001000000
0x00007f23cb624880:   0000000000000000 0000000000001000
0x00007f23cb624890:   0000000000001000 ffffffff422d3400 

Instructions: (pc=0x00007f23cbf113ea)
0x00007f23cbf112ea:   66 0f 1f 44 00 00 48 8d 05 62 1a db 00 c6 00 01
0x00007f23cbf112fa:   48 81 c4 98 00 00 00 b8 01 00 00 00 5b 41 5c 41
0x00007f23cbf1130a:   5d 5d c3 0f 1f 00 48 39 45 a8 74 88 4c 8d 2d 4b
0x00007f23cbf1131a:   6e d9 00 41 80 7d 00 00 75 92 48 8b 05 dd 57 d8
0x00007f23cbf1132a:   00 48 85 c0 74 18 4c 89 e2 48 8d 35 fe 0b 9d 00
0x00007f23cbf1133a:   48 8d 3d aa 2a 98 00 31 c0 e8 78 a5 ca ff 48 8b
0x00007f23cbf1134a:   05 b1 57 d8 00 48 85 c0 0f 84 d8 00 00 00 48 8b
0x00007f23cbf1135a:   45 a8 48 39 43 08 48 8b 05 a1 57 d8 00 0f 84 93
0x00007f23cbf1136a:   00 00 00 48 85 c0 0f 84 a0 00 00 00 31 c0 4c 89
0x00007f23cbf1137a:   e6 48 8d 3d fb c7 98 00 e8 39 a5 ca ff 41 80 7d
0x00007f23cbf1138a:   00 00 0f 85 5e ff ff ff 31 c0 48 81 c4 98 00 00
0x00007f23cbf1139a:   00 5b 41 5c 41 5d 5d c3 66 0f 1f 44 00 00 48 8b
0x00007f23cbf113aa:   05 59 57 d8 00 4c 89 e6 48 8d 3d 4f 0b 9d 00 48
0x00007f23cbf113ba:   85 c0 74 07 31 c0 e8 fb a4 ca ff 48 8d 05 9c 6d
0x00007f23cbf113ca:   d9 00 80 38 00 0f 85 1b ff ff ff 31 c0 eb bb 0f
0x00007f23cbf113da:   1f 80 00 00 00 00 48 8d 05 31 a6 d8 00 48 8b 38
0x00007f23cbf113ea:   48 8b 07 ff 50 28 49 89 c4 e9 5b fe ff ff 0f 1f
0x00007f23cbf113fa:   84 00 00 00 00 00 48 85 c0 74 11 4c 89 e6 48 8d
0x00007f23cbf1140a:   3d 88 c7 98 00 31 c0 e8 aa a4 ca ff 41 80 7d 00
0x00007f23cbf1141a:   00 0f 85 cf fe ff ff 31 c0 e9 6c ff ff ff 0f 1f
0x00007f23cbf1142a:   84 00 00 00 00 00 48 8b 05 d1 56 d8 00 48 85 c0
0x00007f23cbf1143a:   0f 84 18 ff ff ff 4c 89 e2 48 8d 35 ee 0a 9d 00
0x00007f23cbf1144a:   48 8d 3d 9a 29 98 00 31 c0 e8 68 a4 ca ff e9 fb
0x00007f23cbf1145a:   fe ff ff 0f 1f 00 4c 89 e7 e8 c8 b8 57 00 84 c0
0x00007f23cbf1146a:   0f 85 8a fe ff ff 48 8b 05 91 56 d8 00 4c 89 e6
0x00007f23cbf1147a:   48 8d 3d e1 c6 98 00 48 85 c0 0f 85 34 ff ff ff
0x00007f23cbf1148a:   e9 36 ff ff ff 90 55 48 89 e5 41 57 41 56 4c 8d
0x00007f23cbf1149a:   35 e1 0a 9d 00 41 55 49 89 fd 41 54 53 48 83 ec
0x00007f23cbf114aa:   08 48 8b 47 20 44 0f bf a0 e2 02 00 00 0f bf 80
0x00007f23cbf114ba:   e4 02 00 00 41 01 c4 41 8d 5c 24 01 48 63 db 48
0x00007f23cbf114ca:   c1 e3 03 eb 37 90 41 80 3f 00 75 6d 48 8d 05 3b
0x00007f23cbf114da:   a5 d8 00 48 8b 38 48 8b 07 ff 50 28 48 89 c6 4c 



---------------  P R O C E S S  ---------------

Threads class SMR info:
_java_thread_list=0x00007f23ccce9d40, length=0, elements={
}

Java Threads: ( => current thread )
Total: 0

Other Threads:
  0x00007f23c403a090 WorkerThread "GC Thread#0"                     [id=1305, stack(0x00007f23cafd7000,0x00007f23cb0d7000) (1024K)]

=>0x00007f23c402af00 (exited) JavaThread "Unknown thread"    [_thread_in_vm, id=1304, stack(0x00007f23cb525000,0x00007f23cb626000) (1028K)]
Total: 2

Threads with active compile tasks:
Total: 0

VM state: not at safepoint (not fully initialized)

VM Mutex/Monitor currently owned by a thread: None

Heap address: 0x00000000c0000000, size: 1024 MB, Compressed Oops mode: 32-bit

CDS archive(s) mapped at: [0x0000000000000000-0x0000000000000000-0x0000000000000000), size 0, SharedBaseAddress: 0x0000000800000000, ArchiveRelocationMode: 1.
Narrow klass base: 0x0000000000000000, Narrow klass shift: 0, Narrow klass range: 0x0

GC Precious Log:
 CardTable entry size: 512
 CPUs: 20 total, 20 available
 Memory: 7776M
 Large Page Support: Disabled
 NUMA Support: Disabled
 Compressed Oops: Enabled (32-bit)
 Alignments: Space 512K, Generation 512K, Heap 2M
 Heap Min Capacity: 100M
 Heap Initial Capacity: 100M
 Heap Max Capacity: 1G
 Pre-touch: Disabled
 Parallel Workers: 15

Heap:
 PSYoungGen      total 29696K, used 0K [0x00000000eab00000, 0x00000000ecc00000, 0x0000000100000000)
  eden space 25600K, 0% used [0x00000000eab00000,0x00000000eab00000,0x00000000ec400000)
  from space 4096K, 0% used [0x00000000ec800000,0x00000000ec800000,0x00000000ecc00000)
  to   space 4096K, 0% used [0x00000000ec400000,0x00000000ec400000,0x00000000ec800000)
 ParOldGen       total 68608K, used 0K [0x00000000c0000000, 0x00000000c4300000, 0x00000000eab00000)
  object space 68608K, 0% used [0x00000000c0000000,0x00000000c0000000,0x00000000c4300000)

[error occurred during error reporting (printing heap information), id 0xb, SIGSEGV (0xb) at pc=0x00007f23cc52b09a]
GC Heap History (0 events):
No events

Dll operation events (1 events):
Event: 0.004 Loaded shared library /root/.vscode-server/extensions/redhat.java-1.40.0-linux-x64/jre/21.0.6-linux-x86_64/lib/libjava.so

Deoptimization events (0 events):
No events

Classes loaded (0 events):
No events

Classes unloaded (0 events):
No events

Classes redefined (0 events):
No events

Internal exceptions (0 events):
No events

ZGC Phase Switch (0 events):
No events

VM Operations (0 events):
No events

Memory protections (1 events):
Event: 0.004 Protecting memory [0x00007f23cb525000,0x00007f23cb529000] with protection modes 0

Nmethod flushes (0 events):
No events

Events (0 events):
No events


Dynamic libraries:
c0000000-c4300000 rw-p 00000000 00:00 0 
c4300000-eab00000 ---p 00000000 00:00 0 
eab00000-ecc00000 rw-p 00000000 00:00 0 
ecc00000-100000000 ---p 00000000 00:00 0 
5621907ae000-5621907af000 r-xp 00000000 08:20 361065                     /root/.vscode-server/extensions/redhat.java-1.40.0-linux-x64/jre/21.0.6-linux-x86_64/bin/java
5621907b0000-5621907b1000 r--p 00001000 08:20 361065                     /root/.vscode-server/extensions/redhat.java-1.40.0-linux-x64/jre/21.0.6-linux-x86_64/bin/java
5621907b1000-5621907b2000 rw-p 00002000 08:20 361065                     /root/.vscode-server/extensions/redhat.java-1.40.0-linux-x64/jre/21.0.6-linux-x86_64/bin/java
56219da97000-56219dadd000 rw-p 00000000 00:00 0                          [heap]
7f236f000000-7f236fbb6000 rw-p 00001000 08:20 361469                     /root/.vscode-server/extensions/redhat.java-1.40.0-linux-x64/jre/21.0.6-linux-x86_64/lib/server/classes.jsa
7f236fbb6000-7f23b0000000 ---p 00000000 00:00 0 
7f23b0000000-7f23b0021000 rw-p 00000000 00:00 0 
7f23b0021000-7f23b4000000 ---p 00000000 00:00 0 
7f23b5000000-7f23b5270000 rwxp 00000000 00:00 0 
7f23b5270000-7f23bc45f000 ---p 00000000 00:00 0 
7f23bc45f000-7f23bc6cf000 rwxp 00000000 00:00 0 
7f23bc6cf000-7f23bcba0000 ---p 00000000 00:00 0 
7f23bcba0000-7f23bce10000 rwxp 00000000 00:00 0 
7f23bce10000-7f23c4000000 ---p 00000000 00:00 0 
7f23c4000000-7f23c404b000 rw-p 00000000 00:00 0 
7f23c404b000-7f23c8000000 ---p 00000000 00:00 0 
7f23c87c8000-7f23c8c31000 rw-p 00000000 00:00 0 
7f23c8c31000-7f23c8c6c000 r--p 00bb7000 08:20 361469                     /root/.vscode-server/extensions/redhat.java-1.40.0-linux-x64/jre/21.0.6-linux-x86_64/lib/server/classes.jsa
7f23c8c6c000-7f23caea2000 rw-p 00000000 00:00 0 
7f23caea2000-7f23cafd6000 ---p 00000000 00:00 0 
7f23cafd6000-7f23cafd7000 ---p 00000000 00:00 0 
7f23cafd7000-7f23cb0f9000 rw-p 00000000 00:00 0 
7f23cb0f9000-7f23cb22c000 ---p 00000000 00:00 0 
7f23cb22c000-7f23cb23d000 rw-p 00000000 00:00 0 
7f23cb23d000-7f23cb2d8000 ---p 00000000 00:00 0 
7f23cb2d8000-7f23cb2dd000 rw-p 00000000 00:00 0 
7f23cb2dd000-7f23cb3c1000 ---p 00000000 00:00 0 
7f23cb3c1000-7f23cb3c6000 rw-p 00000000 00:00 0 
7f23cb3c6000-7f23cb4aa000 ---p 00000000 00:00 0 
7f23cb4aa000-7f23cb4af000 rw-p 00000000 00:00 0 
7f23cb4af000-7f23cb4b9000 ---p 00000000 00:00 0 
7f23cb4b9000-7f23cb4bc000 r--p 00000000 08:20 34123                      /usr/lib/x86_64-linux-gnu/libnss_files-2.31.so
7f23cb4bc000-7f23cb4c3000 r-xp 00003000 08:20 34123                      /usr/lib/x86_64-linux-gnu/libnss_files-2.31.so
7f23cb4c3000-7f23cb4c5000 r--p 0000a000 08:20 34123                      /usr/lib/x86_64-linux-gnu/libnss_files-2.31.so
7f23cb4c5000-7f23cb4c6000 r--p 0000b000 08:20 34123                      /usr/lib/x86_64-linux-gnu/libnss_files-2.31.so
7f23cb4c6000-7f23cb4c7000 rw-p 0000c000 08:20 34123                      /usr/lib/x86_64-linux-gnu/libnss_files-2.31.so
7f23cb4c7000-7f23cb4cd000 rw-p 00000000 00:00 0 
7f23cb4da000-7f23cb4e2000 rw-s 00000000 08:20 43097                      /tmp/hsperfdata_root/1303
7f23cb4e2000-7f23cb502000 r-xp 00000000 08:20 361444                     /root/.vscode-server/extensions/redhat.java-1.40.0-linux-x64/jre/21.0.6-linux-x86_64/lib/libjava.so
7f23cb502000-7f23cb503000 ---p 00020000 08:20 361444                     /root/.vscode-server/extensions/redhat.java-1.40.0-linux-x64/jre/21.0.6-linux-x86_64/lib/libjava.so
7f23cb503000-7f23cb504000 r--p 00020000 08:20 361444                     /root/.vscode-server/extensions/redhat.java-1.40.0-linux-x64/jre/21.0.6-linux-x86_64/lib/libjava.so
7f23cb504000-7f23cb505000 rw-p 00021000 08:20 361444                     /root/.vscode-server/extensions/redhat.java-1.40.0-linux-x64/jre/21.0.6-linux-x86_64/lib/libjava.so
7f23cb505000-7f23cb506000 rw-p 00000000 00:00 0 
7f23cb506000-7f23cb521000 r-xp 00000000 08:20 361448                     /root/.vscode-server/extensions/redhat.java-1.40.0-linux-x64/jre/21.0.6-linux-x86_64/lib/libjimage.so
7f23cb521000-7f23cb522000 ---p 0001b000 08:20 361448                     /root/.vscode-server/extensions/redhat.java-1.40.0-linux-x64/jre/21.0.6-linux-x86_64/lib/libjimage.so
7f23cb522000-7f23cb524000 r--p 0001b000 08:20 361448                     /root/.vscode-server/extensions/redhat.java-1.40.0-linux-x64/jre/21.0.6-linux-x86_64/lib/libjimage.so
7f23cb524000-7f23cb525000 rw-p 0001d000 08:20 361448                     /root/.vscode-server/extensions/redhat.java-1.40.0-linux-x64/jre/21.0.6-linux-x86_64/lib/libjimage.so
7f23cb525000-7f23cb529000 ---p 00000000 00:00 0 
7f23cb529000-7f23cb626000 rw-p 00000000 00:00 0 
7f23cb626000-7f23cb633000 r--p 00000000 08:20 34116                      /usr/lib/x86_64-linux-gnu/libm-2.31.so
7f23cb633000-7f23cb6da000 r-xp 0000d000 08:20 34116                      /usr/lib/x86_64-linux-gnu/libm-2.31.so
7f23cb6da000-7f23cb773000 r--p 000b4000 08:20 34116                      /usr/lib/x86_64-linux-gnu/libm-2.31.so
7f23cb773000-7f23cb774000 r--p 0014c000 08:20 34116                      /usr/lib/x86_64-linux-gnu/libm-2.31.so
7f23cb774000-7f23cb775000 rw-p 0014d000 08:20 34116                      /usr/lib/x86_64-linux-gnu/libm-2.31.so
7f23cb775000-7f23cb777000 r--p 00000000 08:20 34130                      /usr/lib/x86_64-linux-gnu/librt-2.31.so
7f23cb777000-7f23cb77b000 r-xp 00002000 08:20 34130                      /usr/lib/x86_64-linux-gnu/librt-2.31.so
7f23cb77b000-7f23cb77d000 r--p 00006000 08:20 34130                      /usr/lib/x86_64-linux-gnu/librt-2.31.so
7f23cb77d000-7f23cb77e000 r--p 00007000 08:20 34130                      /usr/lib/x86_64-linux-gnu/librt-2.31.so
7f23cb77e000-7f23cb77f000 rw-p 00008000 08:20 34130                      /usr/lib/x86_64-linux-gnu/librt-2.31.so
7f23cb77f000-7f23ccb8e000 r-xp 00000000 08:20 361480                     /root/.vscode-server/extensions/redhat.java-1.40.0-linux-x64/jre/21.0.6-linux-x86_64/lib/server/libjvm.so
7f23ccb8e000-7f23ccc62000 r--p 0140e000 08:20 361480                     /root/.vscode-server/extensions/redhat.java-1.40.0-linux-x64/jre/21.0.6-linux-x86_64/lib/server/libjvm.so
7f23ccc62000-7f23ccc92000 rw-p 014e2000 08:20 361480                     /root/.vscode-server/extensions/redhat.java-1.40.0-linux-x64/jre/21.0.6-linux-x86_64/lib/server/libjvm.so
7f23ccc92000-7f23cccfa000 rw-p 00000000 00:00 0 
7f23cccfa000-7f23ccd1c000 r--p 00000000 08:20 34114                      /usr/lib/x86_64-linux-gnu/libc-2.31.so
7f23ccd1c000-7f23cce94000 r-xp 00022000 08:20 34114                      /usr/lib/x86_64-linux-gnu/libc-2.31.so
7f23cce94000-7f23ccee2000 r--p 0019a000 08:20 34114                      /usr/lib/x86_64-linux-gnu/libc-2.31.so
7f23ccee2000-7f23ccee6000 r--p 001e7000 08:20 34114                      /usr/lib/x86_64-linux-gnu/libc-2.31.so
7f23ccee6000-7f23ccee8000 rw-p 001eb000 08:20 34114                      /usr/lib/x86_64-linux-gnu/libc-2.31.so
7f23ccee8000-7f23cceec000 rw-p 00000000 00:00 0 
7f23cceec000-7f23cceed000 r--p 00000000 08:20 34115                      /usr/lib/x86_64-linux-gnu/libdl-2.31.so
7f23cceed000-7f23cceef000 r-xp 00001000 08:20 34115                      /usr/lib/x86_64-linux-gnu/libdl-2.31.so
7f23cceef000-7f23ccef0000 r--p 00003000 08:20 34115                      /usr/lib/x86_64-linux-gnu/libdl-2.31.so
7f23ccef0000-7f23ccef1000 r--p 00003000 08:20 34115                      /usr/lib/x86_64-linux-gnu/libdl-2.31.so
7f23ccef1000-7f23ccef2000 rw-p 00004000 08:20 34115                      /usr/lib/x86_64-linux-gnu/libdl-2.31.so
7f23ccef2000-7f23ccef8000 r--p 00000000 08:20 34128                      /usr/lib/x86_64-linux-gnu/libpthread-2.31.so
7f23ccef8000-7f23ccf09000 r-xp 00006000 08:20 34128                      /usr/lib/x86_64-linux-gnu/libpthread-2.31.so
7f23ccf09000-7f23ccf0f000 r--p 00017000 08:20 34128                      /usr/lib/x86_64-linux-gnu/libpthread-2.31.so
7f23ccf0f000-7f23ccf10000 r--p 0001c000 08:20 34128                      /usr/lib/x86_64-linux-gnu/libpthread-2.31.so
7f23ccf10000-7f23ccf11000 rw-p 0001d000 08:20 34128                      /usr/lib/x86_64-linux-gnu/libpthread-2.31.so
7f23ccf11000-7f23ccf15000 rw-p 00000000 00:00 0 
7f23ccf1b000-7f23ccf25000 r-xp 00000000 08:20 361439                     /root/.vscode-server/extensions/redhat.java-1.40.0-linux-x64/jre/21.0.6-linux-x86_64/lib/libinstrument.so
7f23ccf25000-7f23ccf26000 ---p 0000a000 08:20 361439                     /root/.vscode-server/extensions/redhat.java-1.40.0-linux-x64/jre/21.0.6-linux-x86_64/lib/libinstrument.so
7f23ccf26000-7f23ccf27000 r--p 0000a000 08:20 361439                     /root/.vscode-server/extensions/redhat.java-1.40.0-linux-x64/jre/21.0.6-linux-x86_64/lib/libinstrument.so
7f23ccf27000-7f23ccf28000 rw-p 0000b000 08:20 361439                     /root/.vscode-server/extensions/redhat.java-1.40.0-linux-x64/jre/21.0.6-linux-x86_64/lib/libinstrument.so
7f23ccf28000-7f23ccf29000 ---p 00000000 00:00 0 
7f23ccf29000-7f23ccf2a000 r--p 00000000 00:00 0 
7f23ccf2a000-7f23ccf43000 r-xp 00000000 08:20 361449                     /root/.vscode-server/extensions/redhat.java-1.40.0-linux-x64/jre/21.0.6-linux-x86_64/lib/libjli.so
7f23ccf43000-7f23ccf44000 r--p 00018000 08:20 361449                     /root/.vscode-server/extensions/redhat.java-1.40.0-linux-x64/jre/21.0.6-linux-x86_64/lib/libjli.so
7f23ccf44000-7f23ccf45000 rw-p 00019000 08:20 361449                     /root/.vscode-server/extensions/redhat.java-1.40.0-linux-x64/jre/21.0.6-linux-x86_64/lib/libjli.so
7f23ccf45000-7f23ccf47000 rw-p 00000000 00:00 0 
7f23ccf47000-7f23ccf48000 r--p 00000000 08:20 30989                      /usr/lib/x86_64-linux-gnu/ld-2.31.so
7f23ccf48000-7f23ccf6b000 r-xp 00001000 08:20 30989                      /usr/lib/x86_64-linux-gnu/ld-2.31.so
7f23ccf6b000-7f23ccf73000 r--p 00024000 08:20 30989                      /usr/lib/x86_64-linux-gnu/ld-2.31.so
7f23ccf73000-7f23ccf74000 ---p 00000000 00:00 0 
7f23ccf74000-7f23ccf75000 r--p 0002c000 08:20 30989                      /usr/lib/x86_64-linux-gnu/ld-2.31.so
7f23ccf75000-7f23ccf76000 rw-p 0002d000 08:20 30989                      /usr/lib/x86_64-linux-gnu/ld-2.31.so
7f23ccf76000-7f23ccf77000 rw-p 00000000 00:00 0 
7ffd67735000-7ffd67757000 rw-p 00000000 00:00 0                          [stack]
7ffd677d6000-7ffd677da000 r--p 00000000 00:00 0                          [vvar]
7ffd677da000-7ffd677dc000 r-xp 00000000 00:00 0                          [vdso]
Total number of mappings: 104


VM Arguments:
jvm_args: --add-modules=ALL-SYSTEM --add-opens=java.base/java.util=ALL-UNNAMED --add-opens=java.base/java.lang=ALL-UNNAMED --add-opens=java.base/sun.nio.fs=ALL-UNNAMED -Declipse.application=org.eclipse.jdt.ls.core.id1 -Dosgi.bundles.defaultStartLevel=4 -Declipse.product=org.eclipse.jdt.ls.core.product -Djava.import.generatesMetadataFilesAtProjectRoot=false -DDetectVMInstallationsJob.disabled=true -Dfile.encoding=utf8 -XX:+UseParallelGC -XX:GCTimeRatio=4 -XX:AdaptiveSizePolicyWeight=90 -Dsun.zip.disableMemoryMapping=true -Xmx1G -Xms100m -Xlog:disable -javaagent:/root/.vscode-server/extensions/redhat.java-1.40.0-linux-x64/lombok/lombok-1.18.36.jar -XX:+HeapDumpOnOutOfMemoryError -XX:HeapDumpPath=/root/.vscode-server/data/User/workspaceStorage/b5a0f326d1cfb7d4a69f6ca2c09b6e59/redhat.java -Daether.dependencyCollector.impl=bf 
java_command: /root/.vscode-server/extensions/redhat.java-1.40.0-linux-x64/server/plugins/org.eclipse.equinox.launcher_1.6.1000.v20250131-0606.jar -configuration /root/.vscode-server/data/User/globalStorage/redhat.java/1.40.0/config_linux -data /root/.vscode-server/data/User/workspaceStorage/b5a0f326d1cfb7d4a69f6ca2c09b6e59/redhat.java/jdt_ws --pipe=/run/user/0/lsp-3f9bd4034e514047b494019927148e89.sock
java_class_path (initial): /root/.vscode-server/extensions/redhat.java-1.40.0-linux-x64/server/plugins/org.eclipse.equinox.launcher_1.6.1000.v20250131-0606.jar
Launcher Type: SUN_STANDARD

[Global flags]
    uintx AdaptiveSizePolicyWeight                 = 90                                        {product} {command line}
     intx CICompilerCount                          = 12                                        {product} {ergonomic}
    uintx GCTimeRatio                              = 4                                         {product} {command line}
     bool HeapDumpOnOutOfMemoryError               = true                                   {manageable} {command line}
    ccstr HeapDumpPath                             = /root/.vscode-server/data/User/workspaceStorage/b5a0f326d1cfb7d4a69f6ca2c09b6e59/redhat.java         {manageable} {command line}
   size_t InitialHeapSize                          = 104857600                                 {product} {command line}
   size_t MaxHeapSize                              = 1073741824                                {product} {command line}
   size_t MaxNewSize                               = 357564416                                 {product} {ergonomic}
   size_t MinHeapDeltaBytes                        = 524288                                    {product} {ergonomic}
   size_t MinHeapSize                              = 104857600                                 {product} {command line}
   size_t NewSize                                  = 34603008                                  {product} {ergonomic}
    uintx NonNMethodCodeHeapSize                   = 7602480                                {pd product} {ergonomic}
    uintx NonProfiledCodeHeapSize                  = 122027880                              {pd product} {ergonomic}
   size_t OldSize                                  = 70254592                                  {product} {ergonomic}
    uintx ProfiledCodeHeapSize                     = 122027880                              {pd product} {ergonomic}
    uintx ReservedCodeCacheSize                    = 251658240                              {pd product} {ergonomic}
     bool SegmentedCodeCache                       = true                                      {product} {ergonomic}
   size_t SoftMaxHeapSize                          = 1073741824                             {manageable} {ergonomic}
     bool UseCompressedOops                        = true                           {product lp64_product} {ergonomic}
     bool UseParallelGC                            = true                                      {product} {command line}

Logging:
Log output configuration:
 #0: stdout all=off uptime,level,tags foldmultilines=false
 #1: stderr all=off uptime,level,tags foldmultilines=false

Environment Variables:
JAVA_HOME=/usr/lib/jvm/java-17-openjdk-amd64
PATH=/root/.vscode-server/bin/ddc367ed5c8936efe395cffeec279b04ffd7db78/bin/remote-cli:/usr/lib/jvm/java-17-openjdk-amd64/bin:/root/anaconda3/bin:/root/anaconda3/condabin:/usr/local/sbin:/usr/local/bin:/usr/sbin:/usr/bin:/sbin:/bin:/usr/games:/usr/local/games:/usr/lib/wsl/lib:/mnt/e/mingw64/bin:/mnt/e/Dev-Cpp/MinGW64/bin:/mnt/e/CLion 2023.3/bin/mingw/bin:/mnt/f/VMware/bin:/mnt/e/develop/软件/IntelliJ IDEA 2023.3.1/bin:/mnt/c/windows/system32:/mnt/c/windows:/mnt/c/windows/System32/Wbem:/mnt/c/windows/System32/WindowsPowerShell/v1.0:/mnt/c/windows/System32/OpenSSH:/mnt/e/CLion 2023.3/bin:/mnt/c/Program Files (x86)/NVIDIA Corporation/PhysX/Common:/mnt/c/Program Files/NVIDIA Corporation/NVIDIA NvDLISR:/mnt/e/matlab/bin:/mnt/c/Program Files/dotnet:/mnt/e/javaFX/javafx-sdk-20.0.1/bin:/mnt/c/WINDOWS/system32:/mnt/c/WINDOWS:/mnt/c/WINDOWS/System32/Wbem:/mnt/c/WINDOWS/System32/WindowsPowerShell/v1.0:/mnt/c/WINDOWS/System32/OpenSSH:/mnt/d/Git LFS:/mnt/e/mamba:/mnt/e/mamba/Scripts:/mnt/e/NodeJS:/mnt/e/apache-maven-3.6.1/bin:/mnt/e/develop/软件/IntelliJIDEA/bin:/mnt/e/develop/jdk21/bin:/mnt/d/Xftp 8:/mnt/e/CMake/bin:/mnt/c/Program Files/Microsoft SQL Server/150/Tools/Binn:/mnt/c/Program Files/Microsoft SQL Server/Client SDK/ODBC/170/Tools/Binn:/mnt/c/Program Files (x86)/Windows Kits/10/Windows Performance Toolkit:/mnt/e/Git/cmd:/mnt/e/mingw64/bin:/mnt/e/Dev-Cpp/MinGW64/bin:/mnt/e/CLion 2023.3/bin/mingw/bin:/mnt/c/Users/HZSM/.cargo/bin:/mnt/e/texlive/2023/bin/windows:/mnt/e/Python/Scripts:/mnt/e/Python:/mnt/c/Users/HZSM/AppData/Local/Microsoft/WindowsApps:/mnt/d/late:/mnt/c/Users/HZSM/.dotnet/tools:/mnt/d/Pycharm/PyCharm Community Edition 2023.1.2/bin:/mnt/c/Users/HZSM/AppData/Local/GitHubDesktop/bin:/mnt/e/CLion 2023.3/bin:/mnt/e/VScode/Microsoft VS Code/bin:/mnt/e/Datagrip/DataGrip 2023.2.1/bin:/mnt/e/vivado/Vivado/2017.4/bin:/mnt/e/vivado/Vivado/2017.4/bin/xvlog.bat:/mnt/c/Users/HZSM/AppData/Local/Microsoft/WindowsA:/mnt/e/CLion 2023.3/bin:/mnt/e/WebStorm 2023.3.2/bin:/mnt/e/PyCharm 2023.3.3/bin:/mnt/e/iverilog/bin:/mnt/e/iverilog/gtkwave/bin:/mnt/e/ffmpeg-7.0.1-essentials_build/bin:/mnt/c/Users/HZSM/AppData/Roaming/npm:/mnt/e/develop/软件/IntelliJ IDEA 2023.3.1/bin:/mnt/e/RustRover 2024.2.3/bin:/mnt/e/msys64/ucrt64/bin:/mnt/c/Users/HZSM/AppData/Local/Microsoft/WindowsApps:/mnt/e/WinGW/bin:/mnt/e/CLionCPP/cv4.1.1/opencv/build/bin:/mnt/e/CMake/bin:/mnt/e/CLionCPP/cv4.1.1/opencv/build/x64/vc14/bin:/mnt/c/Users/HZSM/.dotnet/tools:/snap/bin
SHELL=/bin/bash
DISPLAY=:0
HOSTTYPE=x86_64
LANG=C.UTF-8
TERM=xterm-256color

Active Locale:
LC_ALL=C
LC_COLLATE=C
LC_CTYPE=C
LC_MESSAGES=C
LC_MONETARY=C
LC_NUMERIC=C
LC_TIME=C

Signal Handlers:
   SIGSEGV: crash_handler in libjvm.so, mask=11100100010111111101111111111110, flags=SA_RESTART|SA_SIGINFO, unblocked
    SIGBUS: crash_handler in libjvm.so, mask=11100100010111111101111111111110, flags=SA_RESTART|SA_SIGINFO, unblocked
    SIGFPE: crash_handler in libjvm.so, mask=11100100010111111101111111111110, flags=SA_RESTART|SA_SIGINFO, unblocked
   SIGPIPE: javaSignalHandler in libjvm.so, mask=11100100010111111101111111111110, flags=SA_RESTART|SA_SIGINFO, blocked
   SIGXFSZ: javaSignalHandler in libjvm.so, mask=11100100010111111101111111111110, flags=SA_RESTART|SA_SIGINFO, blocked
    SIGILL: crash_handler in libjvm.so, mask=11100100010111111101111111111110, flags=SA_RESTART|SA_SIGINFO, unblocked
   SIGUSR2: SR_handler in libjvm.so, mask=00000000000000000000000000000000, flags=SA_RESTART|SA_SIGINFO, blocked
    SIGHUP: SIG_DFL, mask=00000000000000000000000000000000, flags=none, blocked
    SIGINT: SIG_DFL, mask=00000000000000000000000000000000, flags=none, blocked
   SIGTERM: SIG_DFL, mask=00000000000000000000000000000000, flags=none, blocked
   SIGQUIT: UserHandler in libjvm.so, mask=11100100010111111101111111111110, flags=SA_RESTART|SA_SIGINFO, blocked
   SIGTRAP: crash_handler in libjvm.so, mask=11100100010111111101111111111110, flags=SA_RESTART|SA_SIGINFO, unblocked


Periodic native trim disabled

---------------  S Y S T E M  ---------------

OS:
DISTRIB_ID=Ubuntu
DISTRIB_RELEASE=20.04
DISTRIB_CODENAME=focal
DISTRIB_DESCRIPTION="Ubuntu 20.04.6 LTS"
uname: Linux 5.15.167.4-microsoft-standard-WSL2 #1 SMP Tue Nov 5 00:21:55 UTC 2024 x86_64
OS uptime: 0 days 0:00 hours
libc: glibc 2.31 NPTL 2.31 
rlimit (soft/hard): STACK 8192k/infinity , CORE 0k/infinity , NPROC 31078/31078 , NOFILE 1048576/1048576 , AS infinity/infinity , CPU infinity/infinity , DATA infinity/infinity , FSIZE infinity/infinity , MEMLOCK 65536k/65536k
load average: 0.28 0.07 0.02

/proc/meminfo:
MemTotal:        7962992 kB
MemFree:         6356300 kB
MemAvailable:    6858608 kB
Buffers:           56060 kB
Cached:           634616 kB
SwapCached:            0 kB
Active:           200752 kB
Inactive:         984384 kB
Active(anon):       3028 kB
Inactive(anon):   494896 kB
Active(file):     197724 kB
Inactive(file):   489488 kB
Unevictable:           0 kB
Mlocked:               0 kB
SwapTotal:       2097152 kB
SwapFree:        2097152 kB
Dirty:            192864 kB
Writeback:             0 kB
AnonPages:        490732 kB
Mapped:           167488 kB
Shmem:              3428 kB
KReclaimable:      61112 kB
Slab:             137620 kB
SReclaimable:      61112 kB
SUnreclaim:        76508 kB
KernelStack:        7280 kB
PageTables:        12208 kB
NFS_Unstable:          0 kB
Bounce:                0 kB
WritebackTmp:          0 kB
CommitLimit:     6078648 kB
Committed_AS:    1919984 kB
VmallocTotal:   34359738367 kB
VmallocUsed:       29732 kB
VmallocChunk:          0 kB
Percpu:            11808 kB
AnonHugePages:     40960 kB
ShmemHugePages:        0 kB
ShmemPmdMapped:        0 kB
FileHugePages:         0 kB
FilePmdMapped:         0 kB
HugePages_Total:       0
HugePages_Free:        0
HugePages_Rsvd:        0
HugePages_Surp:        0
Hugepagesize:       2048 kB
Hugetlb:               0 kB
DirectMap4k:       97280 kB
DirectMap2M:     6021120 kB
DirectMap1G:    10485760 kB

/sys/kernel/mm/transparent_hugepage/enabled: [always] madvise never
/sys/kernel/mm/transparent_hugepage/hpage_pmd_size: 2097152
/sys/kernel/mm/transparent_hugepage/defrag (defrag/compaction efforts parameter): always defer defer+madvise [madvise] never

Process Memory:
Virtual Size: 2564148K (peak: 2564148K)
Resident Set Size: 29244K (peak: 29244K) (anon: 16412K, file: 12832K, shmem: 0K)
Swapped out: 0K
C-Heap outstanding allocations: 4908K, retained: 339K
glibc malloc tunables: (default)

/proc/sys/kernel/threads-max (system-wide limit on the number of threads): 62157
/proc/sys/vm/max_map_count (maximum number of memory map areas a process may have): 65530
/proc/sys/vm/swappiness (control to define how aggressively the kernel swaps out anonymous memory): 60
/proc/sys/kernel/pid_max (system-wide limit on number of process identifiers): 4194304

container (cgroup) information:
container_type: cgroupv1
cpu_cpuset_cpus: 0-19
cpu_memory_nodes: 0
active_processor_count: 20
cpu_quota: no quota
cpu_period: 100000
cpu_shares: no shares
memory_limit_in_bytes: unlimited
memory_and_swap_limit_in_bytes: unlimited
memory_soft_limit_in_bytes: unlimited
memory_usage_in_bytes: 1181344 k
memory_max_usage_in_bytes: 458680 k
kernel_memory_usage_in_bytes: 31652 k
kernel_memory_max_usage_in_bytes: unlimited
kernel_memory_limit_in_bytes: 42028 k
maximum number of tasks: not supported
current number of tasks: not supported

Hyper-V virtualization detected
Steal ticks since vm start: 0
Steal ticks percentage since vm start:  0.000

CPU: total 20 (initial active 20) (16 cores per cpu, 2 threads per core) family 6 model 154 stepping 3 microcode 0xffffffff, cx8, cmov, fxsr, ht, mmx, 3dnowpref, sse, sse2, sse3, ssse3, sse4.1, sse4.2, popcnt, lzcnt, tsc, tscinvbit, avx, avx2, aes, erms, clmul, bmi1, bmi2, adx, sha, fma, vzeroupper, clflush, clflushopt, clwb, hv, serialize, rdtscp, rdpid, fsrm, f16c, cet_ibt, cet_ss
CPU Model and flags from /proc/cpuinfo:
model name	: 12th Gen Intel(R) Core(TM) i7-12700H
flags		: fpu vme de pse tsc msr pae mce cx8 apic sep mtrr pge mca cmov pat pse36 clflush mmx fxsr sse sse2 ss ht syscall nx pdpe1gb rdtscp lm constant_tsc rep_good nopl xtopology tsc_reliable nonstop_tsc cpuid pni pclmulqdq vmx ssse3 fma cx16 pcid sse4_1 sse4_2 x2apic movbe popcnt tsc_deadline_timer aes xsave avx f16c rdrand hypervisor lahf_lm abm 3dnowprefetch invpcid_single ssbd ibrs ibpb stibp ibrs_enhanced tpr_shadow vnmi ept vpid ept_ad fsgsbase tsc_adjust bmi1 avx2 smep bmi2 erms invpcid rdseed adx smap clflushopt clwb sha_ni xsaveopt xsavec xgetbv1 xsaves avx_vnni umip waitpkg gfni vaes vpclmulqdq rdpid movdiri movdir64b fsrm md_clear serialize flush_l1d arch_capabilities

Online cpus: 0-19
Offline cpus: 
BIOS frequency limitation: <Not Available>
Frequency switch latency (ns): <Not Available>
Available cpu frequencies: <Not Available>
Current governor: <Not Available>
Core performance/turbo boost: <Not Available>

Memory: 4k page, physical 7962992k(6857348k free), swap 2097152k(2097152k free)
Page Sizes: 4k

vm_info: OpenJDK 64-Bit Server VM (21.0.6+7-LTS) for linux-amd64 JRE (21.0.6+7-LTS), built on 2025-01-21T00:00:00Z by "admin" with gcc 11.3.0

END.
